2023-05-16 22:05:982 INFO  HomePage :75 - Mouse hover on “Desktops” Tab and click [[ChromeDriver: chrome on WINDOWS (c263bca9f882c5ddb95fc8dbc8639ea9)] -> link text: Desktops]
2023-05-16 22:05:377 INFO  HomePage :94 - Click on Show All Desktop tab [[ChromeDriver: chrome on WINDOWS (c263bca9f882c5ddb95fc8dbc8639ea9)] -> xpath: //a[normalize-space()='Show AllDesktops']]
2023-05-16 22:05:448 INFO  DesktopPage :46 - Click on sort by position [[ChromeDriver: chrome on WINDOWS (c263bca9f882c5ddb95fc8dbc8639ea9)] -> id: input-sort]
2023-05-16 22:05:888 INFO  DesktopPage :75 - Select option product sorted by Name (Z - A)from sort by options [[ChromeDriver: chrome on WINDOWS (c263bca9f882c5ddb95fc8dbc8639ea9)] -> id: input-sort]
2023-05-16 22:05:841 INFO  HomePage :75 - Mouse hover on “Desktops” Tab and click [[ChromeDriver: chrome on WINDOWS (6ae1abc5acdd153302c4294aab90013a)] -> link text: Desktops]
2023-05-16 22:05:181 INFO  HomePage :94 - Click on Show All Desktop tab [[ChromeDriver: chrome on WINDOWS (6ae1abc5acdd153302c4294aab90013a)] -> xpath: //a[normalize-space()='Show AllDesktops']]
2023-05-16 22:05:237 INFO  HomePage :106 - Clicking on Currency on top of page [[ChromeDriver: chrome on WINDOWS (6ae1abc5acdd153302c4294aab90013a)] -> xpath: //span[normalize-space()='Currency']]
2023-05-16 22:05:753 INFO  HomePage :114 - Select £Pound Sterling from currency drop down list [[[ChromeDriver: chrome on WINDOWS (6ae1abc5acdd153302c4294aab90013a)] -> xpath: //ul[@class = 'dropdown-menu']/li], [[ChromeDriver: chrome on WINDOWS (6ae1abc5acdd153302c4294aab90013a)] -> xpath: //ul[@class = 'dropdown-menu']/li], [[ChromeDriver: chrome on WINDOWS (6ae1abc5acdd153302c4294aab90013a)] -> xpath: //ul[@class = 'dropdown-menu']/li]]
2023-05-16 22:05:122 INFO  DesktopPage :75 - Select option product sorted by Name (A - Z)from sort by options [[ChromeDriver: chrome on WINDOWS (6ae1abc5acdd153302c4294aab90013a)] -> id: input-sort]
2023-05-16 22:05:12 INFO  DesktopPage :80 - Clicking on HP LP3065 [[ChromeDriver: chrome on WINDOWS (6ae1abc5acdd153302c4294aab90013a)] -> xpath: //a[contains(text(),'HP LP3065')]]
2023-05-16 22:05:42 INFO  ProductPage :53 - Verify the Text "HP LP3065" [[ChromeDriver: chrome on WINDOWS (6ae1abc5acdd153302c4294aab90013a)] -> xpath: //a[contains(text(),'HP LP3065')]]
2023-05-16 22:05:117 INFO  ProductPage :59 - Select 2022November30 to date field [[ChromeDriver: chrome on WINDOWS (6ae1abc5acdd153302c4294aab90013a)] -> xpath: //div[@class = 'input-group date']//button]
2023-05-16 22:05:397 INFO  ProductPage :83 - Enter Qty 1 to quantity field [[ChromeDriver: chrome on WINDOWS (6ae1abc5acdd153302c4294aab90013a)] -> xpath: //input[@id='input-quantity']]
2023-05-16 22:05:84 INFO  ProductPage :88 - Clicking on Login Button [[ChromeDriver: chrome on WINDOWS (6ae1abc5acdd153302c4294aab90013a)] -> xpath: //button[@id='button-cart']]
2023-05-16 22:05:622 INFO  ProductPage :92 - Verify the Message “Success: You have added HP LP3065 to your shopping cart!” [[ChromeDriver: chrome on WINDOWS (6ae1abc5acdd153302c4294aab90013a)] -> xpath: //div[@class='alert alert-success alert-dismissible']]
2023-05-16 22:05:591 INFO  ProductPage :98 - Click on link “shopping cart” display into success message [[ChromeDriver: chrome on WINDOWS (6ae1abc5acdd153302c4294aab90013a)] -> xpath: //a[contains(text(),'shopping cart')]]
2023-05-16 22:05:620 INFO  ShoppingCartPage :48 -  Verify the text Shopping Cart [[ChromeDriver: chrome on WINDOWS (6ae1abc5acdd153302c4294aab90013a)] -> xpath: //div[@id='content']//h1]
2023-05-16 22:05:657 INFO  ShoppingCartPage :53 - Verify the Product name HP LP3065 [[ChromeDriver: chrome on WINDOWS (6ae1abc5acdd153302c4294aab90013a)] -> xpath: //div[@class = 'table-responsive']/table/tbody/tr/td[2]/a]
2023-05-16 22:05:685 INFO  ShoppingCartPage :58 - Verify the Delivery Date 2022-11-30 [[ChromeDriver: chrome on WINDOWS (6ae1abc5acdd153302c4294aab90013a)] -> xpath: //div[@class = 'table-responsive']/table/tbody/tr/td[2]/small[1]]
2023-05-16 22:05:707 INFO  ShoppingCartPage :63 - Verify the Model Product21 [[ChromeDriver: chrome on WINDOWS (6ae1abc5acdd153302c4294aab90013a)] -> xpath: //div[@class = 'table-responsive']/table/tbody/tr/td[3]]
2023-05-16 22:05:731 INFO  ShoppingCartPage :68 - Verify the Total £74.73 [[ChromeDriver: chrome on WINDOWS (6ae1abc5acdd153302c4294aab90013a)] -> xpath: //div[@class = 'table-responsive']/table/tbody/tr/td[6]]
2023-05-16 22:05:209 INFO  HomePage :81 - Mouse hover on “Laptops & Notebooks” Tab and click [[ChromeDriver: chrome on WINDOWS (05b12ccaba68782f5d5fd1054aa5738f)] -> link text: Laptops & Notebooks]
2023-05-16 22:05:558 INFO  HomePage :100 - Click on Show All LaptopAndNotebook Tab [[ChromeDriver: chrome on WINDOWS (05b12ccaba68782f5d5fd1054aa5738f)] -> xpath: //a[normalize-space()='Show AllLaptops & Notebooks']]
2023-05-16 22:05:624 INFO  DesktopPage :46 - Click on sort by position [[ChromeDriver: chrome on WINDOWS (05b12ccaba68782f5d5fd1054aa5738f)] -> id: input-sort]
2023-05-16 22:05:05 INFO  DesktopPage :75 - Select option product sorted by Price (High > Low)from sort by options [[ChromeDriver: chrome on WINDOWS (05b12ccaba68782f5d5fd1054aa5738f)] -> id: input-sort]
2023-05-16 22:05:80 INFO  LaptopAndNotebookPage :64 - Verify Product sorted  price High to low [[[ChromeDriver: chrome on WINDOWS (05b12ccaba68782f5d5fd1054aa5738f)] -> xpath: //p[@class ='price']], [[ChromeDriver: chrome on WINDOWS (05b12ccaba68782f5d5fd1054aa5738f)] -> xpath: //p[@class ='price']], [[ChromeDriver: chrome on WINDOWS (05b12ccaba68782f5d5fd1054aa5738f)] -> xpath: //p[@class ='price']], [[ChromeDriver: chrome on WINDOWS (05b12ccaba68782f5d5fd1054aa5738f)] -> xpath: //p[@class ='price']], [[ChromeDriver: chrome on WINDOWS (05b12ccaba68782f5d5fd1054aa5738f)] -> xpath: //p[@class ='price']]]
2023-05-16 22:05:140 INFO  LaptopAndNotebookPage :64 - Verify Product sorted  price High to low [[[ChromeDriver: chrome on WINDOWS (05b12ccaba68782f5d5fd1054aa5738f)] -> xpath: //p[@class ='price']], [[ChromeDriver: chrome on WINDOWS (05b12ccaba68782f5d5fd1054aa5738f)] -> xpath: //p[@class ='price']], [[ChromeDriver: chrome on WINDOWS (05b12ccaba68782f5d5fd1054aa5738f)] -> xpath: //p[@class ='price']], [[ChromeDriver: chrome on WINDOWS (05b12ccaba68782f5d5fd1054aa5738f)] -> xpath: //p[@class ='price']], [[ChromeDriver: chrome on WINDOWS (05b12ccaba68782f5d5fd1054aa5738f)] -> xpath: //p[@class ='price']]]
2023-05-16 22:05:659 INFO  HomePage :81 - Mouse hover on “Laptops & Notebooks” Tab and click [[ChromeDriver: chrome on WINDOWS (7c96abddfcf3f3413e370ed58a858568)] -> link text: Laptops & Notebooks]
2023-05-16 22:05:992 INFO  HomePage :100 - Click on Show All LaptopAndNotebook Tab [[ChromeDriver: chrome on WINDOWS (7c96abddfcf3f3413e370ed58a858568)] -> xpath: //a[normalize-space()='Show AllLaptops & Notebooks']]
2023-05-16 22:05:46 INFO  HomePage :106 - Clicking on Currency on top of page [[ChromeDriver: chrome on WINDOWS (7c96abddfcf3f3413e370ed58a858568)] -> xpath: //span[normalize-space()='Currency']]
2023-05-16 22:05:557 INFO  HomePage :114 - Select £Pound Sterling from currency drop down list [[[ChromeDriver: chrome on WINDOWS (7c96abddfcf3f3413e370ed58a858568)] -> xpath: //ul[@class = 'dropdown-menu']/li], [[ChromeDriver: chrome on WINDOWS (7c96abddfcf3f3413e370ed58a858568)] -> xpath: //ul[@class = 'dropdown-menu']/li], [[ChromeDriver: chrome on WINDOWS (7c96abddfcf3f3413e370ed58a858568)] -> xpath: //ul[@class = 'dropdown-menu']/li]]
2023-05-16 22:05:927 INFO  DesktopPage :75 - Select option product sorted by Price (High > Low)from sort by options [[ChromeDriver: chrome on WINDOWS (7c96abddfcf3f3413e370ed58a858568)] -> id: input-sort]
2023-05-16 22:05:94 INFO  LaptopAndNotebookPage :81 - Select Macbook[[ChromeDriver: chrome on WINDOWS (7c96abddfcf3f3413e370ed58a858568)] -> link text: MacBook]
2023-05-16 22:05:124 INFO  ProductPage :102 - Verify text MacBook [[ChromeDriver: chrome on WINDOWS (7c96abddfcf3f3413e370ed58a858568)] -> xpath: //h1[contains(text(),'MacBook')]]
2023-05-16 22:05:812 INFO  ProductPage :88 - Clicking on Login Button [[ChromeDriver: chrome on WINDOWS (7c96abddfcf3f3413e370ed58a858568)] -> xpath: //button[@id='button-cart']]
2023-05-16 22:05:359 INFO  ProductPage :92 - Verify the Message “Success: You have added HP LP3065 to your shopping cart!” [[ChromeDriver: chrome on WINDOWS (7c96abddfcf3f3413e370ed58a858568)] -> xpath: //div[@class='alert alert-success alert-dismissible']]
2023-05-16 22:05:285 INFO  ProductPage :98 - Click on link “shopping cart” display into success message [[ChromeDriver: chrome on WINDOWS (7c96abddfcf3f3413e370ed58a858568)] -> xpath: //a[contains(text(),'shopping cart')]]
2023-05-16 22:05:313 INFO  ShoppingCartPage :48 -  Verify the text Shopping Cart [[ChromeDriver: chrome on WINDOWS (7c96abddfcf3f3413e370ed58a858568)] -> xpath: //div[@id='content']//h1]
2023-05-16 22:05:353 INFO  ShoppingCartPage :53 - Verify the Product name HP LP3065 [[ChromeDriver: chrome on WINDOWS (7c96abddfcf3f3413e370ed58a858568)] -> xpath: //div[@class = 'table-responsive']/table/tbody/tr/td[2]/a]
2023-05-16 22:05:465 INFO  ShoppingCartPage :75 - Change Quantity 2 to quantity field [[ChromeDriver: chrome on WINDOWS (7c96abddfcf3f3413e370ed58a858568)] -> xpath: //div[@class='input-group btn-block']/input[@type='text']]
2023-05-16 22:05:946 INFO  ShoppingCartPage :80 -  Click on “Update” Tab [[ChromeDriver: chrome on WINDOWS (7c96abddfcf3f3413e370ed58a858568)] -> xpath: //i[@class = 'fa fa-refresh']]
2023-05-16 22:05:963 INFO  ShoppingCartPage :84 - Getting welcome back text [[ChromeDriver: chrome on WINDOWS (7c96abddfcf3f3413e370ed58a858568)] -> xpath: //div[@id='checkout-cart']/div[1]]
2023-05-16 22:05:985 INFO  ShoppingCartPage :68 - Verify the Total £74.73 [[ChromeDriver: chrome on WINDOWS (7c96abddfcf3f3413e370ed58a858568)] -> xpath: //div[@class = 'table-responsive']/table/tbody/tr/td[6]]
2023-05-16 22:05:328 INFO  ShoppingCartPage :90 - Click on “Checkout” button [[ChromeDriver: chrome on WINDOWS (7c96abddfcf3f3413e370ed58a858568)] -> css selector: a.btn.btn-primary]
2023-05-16 22:05:349 INFO  CheckoutPage :77 - Verify the text “Checkout” [[ChromeDriver: chrome on WINDOWS (7c96abddfcf3f3413e370ed58a858568)] -> xpath: //div[@id='content']/h1]
2023-05-16 22:05:892 INFO  CheckoutPage :83 - Verify the Text “New Customer” [[ChromeDriver: chrome on WINDOWS (7c96abddfcf3f3413e370ed58a858568)] -> xpath: //h2[contains(text(),'New Customer')]]
2023-05-16 22:05:471 INFO  CheckoutPage :90 - Click on “Guest Checkout” radio button [[ChromeDriver: chrome on WINDOWS (7c96abddfcf3f3413e370ed58a858568)] -> xpath: //input[@value='guest']]
2023-05-16 22:05:520 INFO  CheckoutPage :96 - Click on “Continue” tab [[ChromeDriver: chrome on WINDOWS (7c96abddfcf3f3413e370ed58a858568)] -> xpath: //input[@id='button-account']]
2023-05-16 22:05:895 INFO  CheckoutPage :102 - Enter firstname Maulin to firstname field [[ChromeDriver: chrome on WINDOWS (7c96abddfcf3f3413e370ed58a858568)] -> id: input-payment-firstname]
2023-05-16 22:05:964 INFO  CheckoutPage :108 - Enter lastname Patel to lastname field [[ChromeDriver: chrome on WINDOWS (7c96abddfcf3f3413e370ed58a858568)] -> id: input-payment-lastname]
2023-05-16 22:05:53 INFO  CheckoutPage :114 - Enter email maulin to email field [[ChromeDriver: chrome on WINDOWS (7c96abddfcf3f3413e370ed58a858568)] -> id: input-payment-email]
2023-05-16 22:05:119 INFO  CheckoutPage :120 - Enter phoneNumber 01234567890 to phoneNumber field [[ChromeDriver: chrome on WINDOWS (7c96abddfcf3f3413e370ed58a858568)] -> id: input-payment-telephone]
2023-05-16 22:05:185 INFO  CheckoutPage :126 - Enter address Line 1 129 Pinner Road to address field [[ChromeDriver: chrome on WINDOWS (7c96abddfcf3f3413e370ed58a858568)] -> id: input-payment-address-1]
2023-05-16 22:05:232 INFO  CheckoutPage :132 - Enter city London to city field [[ChromeDriver: chrome on WINDOWS (7c96abddfcf3f3413e370ed58a858568)] -> id: input-payment-city]
2023-05-16 22:05:285 INFO  CheckoutPage :138 - Enter postcode N1 1AD to postcode field [[ChromeDriver: chrome on WINDOWS (7c96abddfcf3f3413e370ed58a858568)] -> id: input-payment-postcode]
2023-05-16 22:05:334 INFO  CheckoutPage :144 - Select country United Kingdom to country field [[ChromeDriver: chrome on WINDOWS (7c96abddfcf3f3413e370ed58a858568)] -> id: input-payment-country]
2023-05-16 22:05:395 INFO  CheckoutPage :151 - Select state Kent to state field [[ChromeDriver: chrome on WINDOWS (7c96abddfcf3f3413e370ed58a858568)] -> id: input-payment-zone]
2023-05-16 22:05:441 INFO  CheckoutPage :157 -  Click on continue button [[ChromeDriver: chrome on WINDOWS (7c96abddfcf3f3413e370ed58a858568)] -> id: button-guest]
2023-05-16 22:05:09 INFO  CheckoutPage :163 - Enter comments Nothing to Say! in to text area [[ChromeDriver: chrome on WINDOWS (7c96abddfcf3f3413e370ed58a858568)] -> xpath: //textarea[@name='comment']]
2023-05-16 22:05:55 INFO  CheckoutPage :169 -  Check the Terms & Conditions check box [[ChromeDriver: chrome on WINDOWS (7c96abddfcf3f3413e370ed58a858568)] -> xpath: //body/div[@id='checkout-checkout']/div[1]/div[1]/div[1]/div[3]/div[2]/div[1]/div[2]/div[1]/input[1]]
2023-05-16 22:05:124 INFO  CheckoutPage :175 - Click on “Continue” button [[ChromeDriver: chrome on WINDOWS (7c96abddfcf3f3413e370ed58a858568)] -> id: button-payment-method]
2023-05-16 22:05:168 INFO  CheckoutPage :180 - Verify the message “Warning: Payment method required!” [[ChromeDriver: chrome on WINDOWS (7c96abddfcf3f3413e370ed58a858568)] -> xpath: //div[@class='alert alert-danger alert-dismissible']]
2023-05-16 22:05:588 INFO  HomePage :129 - Select Login from myAccount drop down list [[[ChromeDriver: chrome on WINDOWS (97d50257b977fbba2202904e6b73a866)] -> xpath: //ul[@class='dropdown-menu dropdown-menu-right']/li], [[ChromeDriver: chrome on WINDOWS (97d50257b977fbba2202904e6b73a866)] -> xpath: //ul[@class='dropdown-menu dropdown-menu-right']/li]]
2023-05-16 22:05:618 INFO  LoginPage :37 - Verify the text “Returning Customer” [[ChromeDriver: chrome on WINDOWS (97d50257b977fbba2202904e6b73a866)] -> xpath: //h2[contains(text(),'Returning Customer')]]
2023-05-16 22:05:892 INFO  HomePage :129 - Select Login from myAccount drop down list [[[ChromeDriver: chrome on WINDOWS (2acff2faaa7094661953f960d9c872b9)] -> xpath: //ul[@class='dropdown-menu dropdown-menu-right']/li], [[ChromeDriver: chrome on WINDOWS (2acff2faaa7094661953f960d9c872b9)] -> xpath: //ul[@class='dropdown-menu dropdown-menu-right']/li]]
2023-05-16 22:05:11 INFO  LoginPage :44 - Enter email iampatel@gmail.comto email field [[ChromeDriver: chrome on WINDOWS (2acff2faaa7094661953f960d9c872b9)] -> id: input-email]
2023-05-16 22:05:80 INFO  LoginPage :50 - Enter password HelloNum1to password field [[ChromeDriver: chrome on WINDOWS (2acff2faaa7094661953f960d9c872b9)] -> id: input-password]
2023-05-16 22:05:587 INFO  LoginPage :56 - Clicking on Login Button [[ChromeDriver: chrome on WINDOWS (2acff2faaa7094661953f960d9c872b9)] -> xpath: //input[@value='Login']]
2023-05-16 22:05:605 INFO  LoginPage :61 - Verify text “My Account” [[ChromeDriver: chrome on WINDOWS (2acff2faaa7094661953f960d9c872b9)] -> xpath: //h2[text()='My Account']]
2023-05-16 22:05:184 INFO  HomePage :129 - Select Logout from myAccount drop down list [[[ChromeDriver: chrome on WINDOWS (2acff2faaa7094661953f960d9c872b9)] -> xpath: //ul[@class='dropdown-menu dropdown-menu-right']/li], [[ChromeDriver: chrome on WINDOWS (2acff2faaa7094661953f960d9c872b9)] -> xpath: //ul[@class='dropdown-menu dropdown-menu-right']/li], [[ChromeDriver: chrome on WINDOWS (2acff2faaa7094661953f960d9c872b9)] -> xpath: //ul[@class='dropdown-menu dropdown-menu-right']/li], [[ChromeDriver: chrome on WINDOWS (2acff2faaa7094661953f960d9c872b9)] -> xpath: //ul[@class='dropdown-menu dropdown-menu-right']/li], [[ChromeDriver: chrome on WINDOWS (2acff2faaa7094661953f960d9c872b9)] -> xpath: //ul[@class='dropdown-menu dropdown-menu-right']/li]]
2023-05-16 22:05:200 INFO  LogoutPage :28 - Verify text "Account Logout" [[ChromeDriver: chrome on WINDOWS (2acff2faaa7094661953f960d9c872b9)] -> xpath: //h1[text()='Account Logout']]
2023-05-16 22:05:522 INFO  LogoutPage :34 - Clicking on Continue Button [[ChromeDriver: chrome on WINDOWS (2acff2faaa7094661953f960d9c872b9)] -> xpath: //a[contains(text(),'Continue')]]
2023-05-16 22:05:799 INFO  HomePage :129 - Select Register from myAccount drop down list [[[ChromeDriver: chrome on WINDOWS (02b1af40b81c1b7c685c130559196791)] -> xpath: //ul[@class='dropdown-menu dropdown-menu-right']/li], [[ChromeDriver: chrome on WINDOWS (02b1af40b81c1b7c685c130559196791)] -> xpath: //ul[@class='dropdown-menu dropdown-menu-right']/li]]
2023-05-16 22:05:829 INFO  RegisterPage :58 - Verify the text “Register Account”. [[ChromeDriver: chrome on WINDOWS (02b1af40b81c1b7c685c130559196791)] -> xpath: //h1[contains(text(),'Register Account')]]
2023-05-16 22:05:170 INFO  HomePage :129 - Select Register from myAccount drop down list [[[ChromeDriver: chrome on WINDOWS (9aa20e6049c76a536c9f7bed3aeadd6f)] -> xpath: //ul[@class='dropdown-menu dropdown-menu-right']/li], [[ChromeDriver: chrome on WINDOWS (9aa20e6049c76a536c9f7bed3aeadd6f)] -> xpath: //ul[@class='dropdown-menu dropdown-menu-right']/li]]
2023-05-16 22:05:244 INFO  RegisterPage :64 - Enter Firstname Sneha to Firstname field [[ChromeDriver: chrome on WINDOWS (9aa20e6049c76a536c9f7bed3aeadd6f)] -> id: input-firstname]
2023-05-16 22:05:311 INFO  RegisterPage :69 - Enter Lastname Shah to Lastname field [[ChromeDriver: chrome on WINDOWS (9aa20e6049c76a536c9f7bed3aeadd6f)] -> id: input-lastname]
2023-05-16 22:05:383 INFO  RegisterPage :74 - Enter email shahjFC5@gmail.com to email field [[ChromeDriver: chrome on WINDOWS (9aa20e6049c76a536c9f7bed3aeadd6f)] -> id: input-email]
2023-05-16 22:05:438 INFO  RegisterPage :79 - Enter Telephone 07569458624 to Telephone field [[ChromeDriver: chrome on WINDOWS (9aa20e6049c76a536c9f7bed3aeadd6f)] -> id: input-telephone]
2023-05-16 22:05:484 INFO  RegisterPage :84 - Enter Password Sneha123 to Password field [[ChromeDriver: chrome on WINDOWS (9aa20e6049c76a536c9f7bed3aeadd6f)] -> id: input-password]
2023-05-16 22:05:528 INFO  RegisterPage :89 - Enter ConfirmPassword Sneha123 to ConfirmPassword field [[ChromeDriver: chrome on WINDOWS (9aa20e6049c76a536c9f7bed3aeadd6f)] -> id: input-confirm]
2023-05-16 22:05:554 INFO  RegisterPage :101 - Select Subscribe Yes radio button [[[ChromeDriver: chrome on WINDOWS (9aa20e6049c76a536c9f7bed3aeadd6f)] -> xpath: //fieldset[3]//input], [[ChromeDriver: chrome on WINDOWS (9aa20e6049c76a536c9f7bed3aeadd6f)] -> xpath: //fieldset[3]//input]]
2023-05-16 22:05:591 INFO  RegisterPage :106 - Click on Privacy Policy check box [[ChromeDriver: chrome on WINDOWS (9aa20e6049c76a536c9f7bed3aeadd6f)] -> xpath: //input[@name='agree']]
2023-05-16 22:05:626 INFO  RegisterPage :111 - Clicking on Continue Button [[ChromeDriver: chrome on WINDOWS (9aa20e6049c76a536c9f7bed3aeadd6f)] -> xpath: //input[@type='submit']]
2023-05-16 22:05:654 INFO  RegisterPage :115 - Verify the message “Your Account Has Been Created!” [[ChromeDriver: chrome on WINDOWS (9aa20e6049c76a536c9f7bed3aeadd6f)] -> xpath: //h1[text()='Your Account Has Been Created!']]
2023-05-16 22:05:971 INFO  RegisterPage :121 - Clicking on Continue Button [[ChromeDriver: chrome on WINDOWS (9aa20e6049c76a536c9f7bed3aeadd6f)] -> xpath: //a[text()='Continue']]
2023-05-16 22:05:503 INFO  HomePage :129 - Select Logout from myAccount drop down list [[[ChromeDriver: chrome on WINDOWS (9aa20e6049c76a536c9f7bed3aeadd6f)] -> xpath: //ul[@class='dropdown-menu dropdown-menu-right']/li], [[ChromeDriver: chrome on WINDOWS (9aa20e6049c76a536c9f7bed3aeadd6f)] -> xpath: //ul[@class='dropdown-menu dropdown-menu-right']/li], [[ChromeDriver: chrome on WINDOWS (9aa20e6049c76a536c9f7bed3aeadd6f)] -> xpath: //ul[@class='dropdown-menu dropdown-menu-right']/li], [[ChromeDriver: chrome on WINDOWS (9aa20e6049c76a536c9f7bed3aeadd6f)] -> xpath: //ul[@class='dropdown-menu dropdown-menu-right']/li], [[ChromeDriver: chrome on WINDOWS (9aa20e6049c76a536c9f7bed3aeadd6f)] -> xpath: //ul[@class='dropdown-menu dropdown-menu-right']/li]]
2023-05-16 22:05:528 INFO  LogoutPage :28 - Verify text "Account Logout" [[ChromeDriver: chrome on WINDOWS (9aa20e6049c76a536c9f7bed3aeadd6f)] -> xpath: //h1[text()='Account Logout']]
2023-05-16 22:05:858 INFO  LogoutPage :34 - Clicking on Continue Button [[ChromeDriver: chrome on WINDOWS (9aa20e6049c76a536c9f7bed3aeadd6f)] -> xpath: //a[contains(text(),'Continue')]]
2023-05-16 22:05:538 INFO  HomePage :75 - Mouse hover on “Desktops” Tab and click [[ChromeDriver: chrome on WINDOWS (17d68e45c6e3344bcaff774d06239c92)] -> link text: Desktops]
2023-05-16 22:05:572 INFO  HomePage :69 - Click Show All Desktops from homepage Top menu  []
2023-05-16 22:05:601 INFO  DesktopPage :40 - Verify the text ‘Desktops’[[ChromeDriver: chrome on WINDOWS (17d68e45c6e3344bcaff774d06239c92)] -> xpath: //h2[contains(text(),'Desktops')]]
2023-05-16 22:05:47 INFO  HomePage :81 - Mouse hover on “Laptops & Notebooks” Tab and click [[ChromeDriver: chrome on WINDOWS (e216a6e23d7d394d88a80495b96e5d0c)] -> link text: Laptops & Notebooks]
2023-05-16 22:05:105 INFO  HomePage :69 - Click Show All Laptops & Notebooks from homepage Top menu  []
2023-05-16 22:05:144 INFO  LaptopAndNotebookPage :40 - Verify the text ‘Laptops & Notebooks’ [[ChromeDriver: chrome on WINDOWS (e216a6e23d7d394d88a80495b96e5d0c)] -> xpath: //h2[contains(text(),'Laptops & Notebooks')]]
2023-05-16 22:05:579 INFO  HomePage :87 -  Mouse hover on “Components” Tab and click [[ChromeDriver: chrome on WINDOWS (7cfaa0d83e7bef5228b72eb329bbe3e5)] -> link text: Components]
2023-05-16 22:05:616 INFO  HomePage :69 - Click Show All Components from homepage Top menu  []
2023-05-16 22:05:649 INFO  ComponentsPage :22 - Verify the text ‘Components’ [[ChromeDriver: chrome on WINDOWS (7cfaa0d83e7bef5228b72eb329bbe3e5)] -> xpath: //h2[contains(text(),'Components')]]
